<?xml version="1.0" encoding="UTF-8"?>
<!-- Generated by org.testng.reporters.JUnitXMLReporter -->
<testsuite hostname="DESKTOP-8HSMC6R" ignored="0" name="Default test" tests="2" failures="0" timestamp="06 Jul 2019 08:54:16 GMT" time="103.004" errors="0">
  <testcase name="navigateToGmailHomePage" time="34.026" classname="com.tetrasoft.alexatest.test.GmailSending"/>
  <testcase name="composeaMail" time="54.16" classname="com.tetrasoft.alexatest.test.GmailSending"/>
</testsuite> <!-- Default test -->
