<?xml version="1.0" encoding="UTF-8"?>
<testng-results skipped="0" failed="0" ignored="0" total="2" passed="2">
  <reporter-output>
  </reporter-output>
  <suite name="Default suite" duration-ms="103004" started-at="2019-07-06T08:52:33Z" finished-at="2019-07-06T08:54:16Z">
    <groups>
    </groups>
    <test name="Default test" duration-ms="103004" started-at="2019-07-06T08:52:33Z" finished-at="2019-07-06T08:54:16Z">
      <class name="com.tetrasoft.alexatest.test.GmailSending">
        <test-method status="PASS" signature="testSetUp()[pri:0, instance:com.tetrasoft.alexatest.test.GmailSending@55f3ddb1]" name="testSetUp" is-config="true" duration-ms="3912" started-at="2019-07-06T08:52:33Z" finished-at="2019-07-06T08:52:36Z">
          <reporter-output>
          </reporter-output>
        </test-method> <!-- testSetUp -->
        <test-method status="PASS" signature="navigateToGmailHomePage()[pri:1, instance:com.tetrasoft.alexatest.test.GmailSending@55f3ddb1]" name="navigateToGmailHomePage" duration-ms="34026" started-at="2019-07-06T08:52:36Z" finished-at="2019-07-06T08:53:11Z">
          <reporter-output>
          </reporter-output>
        </test-method> <!-- navigateToGmailHomePage -->
        <test-method status="PASS" signature="composeaMail()[pri:2, instance:com.tetrasoft.alexatest.test.GmailSending@55f3ddb1]" name="composeaMail" duration-ms="54160" started-at="2019-07-06T08:53:11Z" finished-at="2019-07-06T08:54:05Z">
          <reporter-output>
          </reporter-output>
        </test-method> <!-- composeaMail -->
        <test-method status="PASS" signature="tearDown()[pri:0, instance:com.tetrasoft.alexatest.test.GmailSending@55f3ddb1]" name="tearDown" is-config="true" duration-ms="10863" started-at="2019-07-06T08:54:05Z" finished-at="2019-07-06T08:54:16Z">
          <reporter-output>
          </reporter-output>
        </test-method> <!-- tearDown -->
      </class> <!-- com.tetrasoft.alexatest.test.GmailSending -->
    </test> <!-- Default test -->
  </suite> <!-- Default suite -->
</testng-results>
